Portierung nach github	"Die gesamte Historie soll nach github.
Ggf. müssten tags (DEPLOYMENT_OTTO_LIVE) oder sonstiges sehr OTTO-spezifisches noch raus.
Travis-CI-Integration wäre cool.
Brauchen wir privaten branch oder so etwas? "		Task	OpenSpeedMonitor	08/May/14 9:09 AM	16/Nov/14 10:42 PM														04/Jun/14 11:19 AM;nkuhn;Alternativ zur gesamten Historie könnte man auch nur einen initialen Commit nach github pushen.	"27/Jun/14 5:17 PM;nkuhn;Von Oliver Widder (recovery aus altem jira):

* In privates github-Repo gepusht: https://github.com/owidder/iteraSpeedMonitor

* grails wrapper erzeugt

* Travis angebunden mit Start der tests nach push: https://magnum.travis-ci.com/owidder/iteraSpeedMonitor/jobs/6007441"	"27/Jun/14 5:18 PM;nkuhn;Von Oliver Widder (recovery aus altem jira):



Travis Build nicht stabil:



{code}

Error Failed to resolve dependencies (Set log level to 'warn' in BuildConfig.groovy for more information):

- org.apache.maven:maven-ant-tasks:2.1.3

| Run 'grails dependency-report' for further information.

The command ""./grailsw refresh-dependencies"" exited with 1.

Done. Your build exited with 1.

{code}



Tritt nicht immer auf"	"27/Jun/14 5:19 PM;nkuhn;Von Oliver Widder (recovery aus altem jira):



Tests fallen auf Travis fehl, die lokal laufen.



Z.B.:

{code}

 Running 287 unit tests... 126 of 287

| Failure:  testAddingIntervals(de.iteratec.chart.MeasuredValueUtilServiceTests)

|  java.lang.AssertionError: expected:<2> but was:<3>

        at org.junit.Assert.fail(Assert.java:88)

        at org.junit.Assert.failNotEquals(Assert.java:743)

        at org.junit.Assert.assertEquals(Assert.java:118)

        at org.junit.Assert.assertEquals(Assert.java:555)

        at org.junit.Assert.assertEquals(Assert.java:542)

        at de.iteratec.chart.MeasuredValueUtilServiceTests.testAddingIntervals(MeasuredValueUtilServiceTests.groovy:163)

{code}"	"27/Jun/14 5:29 PM;nkuhn;Von Oliver Widder (recovery aus altem jira):



Build auf Codeship: https://www.codeship.io/projects/23529/builds/1417964

\

\

* Build-Log:

\

{code}

\

Loading Grails 2.3.7

\

| Configuring classpath

\

| Configuring classpath.

\

| Environment set to test

\

| Environment set to test.

\

| Environment set to test..

\

| Environment set to test...

\

| Environment set to test....

\

| Environment set to test.....

\

| Compiling 1 source files

\

| Compiling 1 source files.

\

| Compiling 1 source files..

\

| Compiling 1 source files

\

| Compiling 1 source files.

\

| Compiling 1 source files..

\

| Compiling 1 source files...

\

| Compiling 1 source files

\

| Compiling 1 source files.

\

| Compiling 1 source files..

\

| Compiling 1 source files

\

| Compiling 1 source files.

\

| Compiling 1 source files..

\

| Compiling 1 source files...

\

| Compiling 1 source files....

\

| Compiling 1 source files.....

\

| Running without daemon...

\

| Compiling 1 source files

\

| Compiling 1 source files.

\

| Compiling 1 source files..

\

| Compiling 1 source files

\

| Compiling 1 source files.

\

| Compiling 1 source files..

\

| Compiling 1 source files...

\

| Compiling 1 source files....

\

| Compiling 1 source files....

\

| Compiling 1 source files.....

\

| configuring joda-time support for simple datastore

\

| configuring joda-time support for simple datastore.

\

| configuring joda-time support for simple datastore..

\

| configuring joda-time support for simple datastore...

\

| configuring joda-time support for simple datastore....

\

| configuring joda-time support for simple datastore.....

\

| Compiling 69 source files

\

| Compiling 69 source files.

\

| Running 287 unit tests...

\

| Running 287 unit tests... 1 of 287

\

| Running 287 unit tests... 2 of 287

\

| Running 287 unit tests... 3 of 287

\

| Running 287 unit tests... 4 of 287

\

| Running 287 unit tests... 5 of 287

\

| Running 287 unit tests... 6 of 287

\

| Running 287 unit tests... 7 of 287

\

| Running 287 unit tests... 8 of 287

\

| Running 287 unit tests... 9 of 287

\

| Running 287 unit tests... 10 of 287

\

| Running 287 unit tests... 11 of 287

\

| Running 287 unit tests... 12 of 287

\

| Running 287 unit tests... 13 of 287

\

| Running 287 unit tests... 14 of 287

\

| Running 287 unit tests... 15 of 287

\

| Running 287 unit tests... 16 of 287

\

| Running 287 unit tests... 17 of 287

\

| Running 287 unit tests... 18 of 287

\

| Running 287 unit tests... 19 of 287

\

| Running 287 unit tests... 20 of 287

\

| Running 287 unit tests... 21 of 287

\

| Running 287 unit tests... 22 of 287

\

| Error 2014-06-11 23:17:06,338 [main] ERROR utils.PerformanceLoggingService  - descriptionOfClosureToMeasure  -> Elapsed Sec: 1.101

\

| Running 287 unit tests... 23 of 287

\

| Running 287 unit tests... 24 of 287

\

| Running 287 unit tests... 25 of 287

\

| Running 287 unit tests... 26 of 287

\

| Running 287 unit tests... 27 of 287

\

| Running 287 unit tests... 28 of 287

\

| Running 287 unit tests... 29 of 287

\

| Running 287 unit tests... 30 of 287

\

| Running 287 unit tests... 31 of 287

\

| Running 287 unit tests... 32 of 287

\

| Running 287 unit tests... 33 of 287

\

| Running 287 unit tests... 34 of 287

\

| Running 287 unit tests... 35 of 287

\

| Running 287 unit tests... 36 of 287

\

| Running 287 unit tests... 37 of 287

\

| Running 287 unit tests... 38 of 287

\

| Running 287 unit tests... 39 of 287

\

| Running 287 unit tests... 40 of 287

\

| Running 287 unit tests... 41 of 287

\

| Running 287 unit tests... 42 of 287

\

| Running 287 unit tests... 43 of 287

\

| Running 287 unit tests... 44 of 287

\

| Running 287 unit tests... 45 of 287

\

| Running 287 unit tests... 46 of 287

\

| Running 287 unit tests... 47 of 287

\

| Running 287 unit tests... 48 of 287

\

| Running 287 unit tests... 49 of 287

\

| Running 287 unit tests... 50 of 287

\

| Running 287 unit tests... 51 of 287

\

| Running 287 unit tests... 52 of 287

\

| Running 287 unit tests... 53 of 287

\

| Running 287 unit tests... 54 of 287

\

| Running 287 unit tests... 55 of 287

\

| Running 287 unit tests... 56 of 287

\

| Running 287 unit tests... 57 of 287

\

| Running 287 unit tests... 58 of 287

\

| Running 287 unit tests... 59 of 287

\

| Running 287 unit tests... 60 of 287

\

| Running 287 unit tests... 61 of 287

\

| Running 287 unit tests... 62 of 287

\

| Running 287 unit tests... 63 of 287

\

| Running 287 unit tests... 64 of 287

\

| Running 287 unit tests... 65 of 287

\

| Running 287 unit tests... 66 of 287

\

| Running 287 unit tests... 67 of 287

\

| Running 287 unit tests... 68 of 287

\

| Running 287 unit tests... 69 of 287

\

| Running 287 unit tests... 70 of 287

\

| Running 287 unit tests... 71 of 287

\

| Running 287 unit tests... 72 of 287

\

| Running 287 unit tests... 73 of 287

\

| Running 287 unit tests... 74 of 287

\

| Running 287 unit tests... 75 of 287

\

| Running 287 unit tests... 76 of 287

\

| Running 287 unit tests... 77 of 287

\

| Running 287 unit tests... 78 of 287

\

| Running 287 unit tests... 79 of 287

\

| Running 287 unit tests... 80 of 287

\

| Running 287 unit tests... 81 of 287

\

| Running 287 unit tests... 82 of 287

\

| Running 287 unit tests... 83 of 287

\

| Running 287 unit tests... 84 of 287

\

| Running 287 unit tests... 85 of 287

\

| Running 287 unit tests... 86 of 287

\

| Running 287 unit tests... 87 of 287

\

| Running 287 unit tests... 88 of 287

\

| Running 287 unit tests... 89 of 287

\

| Running 287 unit tests... 90 of 287

\

| Running 287 unit tests... 91 of 287

\

| Running 287 unit tests... 92 of 287

\

| Failure:  testShowAllCommand_BindFromValidRequestArgsIsValid_ValuesDifferingFromDefaults(de.iteratec.isr.EventResultDashboardControllerTests)

\

|  junit.framework.AssertionFailedError: expected:<Sat Aug 17 22:00:00 UTC 2013> but was:<Sun Aug 18 00:00:00 UTC 2013>

\

\	at junit.framework.Assert.fail(Assert.java:57)

\

\	at junit.framework.Assert.failNotEquals(Assert.java:329)

\

\	at junit.framework.TestCase.failNotEquals(TestCase.java:499)

\

\	at de.iteratec.isr.EventResultDashboardControllerTests.testShowAllCommand_BindFromValidRequestArgsIsValid_ValuesDifferingFromDefaults(EventResultDashboardControllerTests.groovy:345)

\

| Running 287 unit tests... 93 of 287

\

| Running 287 unit tests... 94 of 287

\

| Failure:  testShowAllCommand_testCopyRequestDataToViewModelMap_selectAllSelection(de.iteratec.isr.EventResultDashboardControllerTests)

\

|  junit.framework.ComparisonFailure: expected:<1[8].08.2013> but was:<1[7].08.2013>

\

\	at junit.framework.Assert.assertEquals(Assert.java:100)

\

\	at junit.framework.TestCase.assertEquals(TestCase.java:261)

\

\	at de.iteratec.isr.EventResultDashboardControllerTests.assertContainedAndNotNullAndEquals(EventResultDashboardControllerTests.groovy:1101)

\

\	at de.iteratec.isr.EventResultDashboardControllerTests.testShowAllCommand_testCopyRequestDataToViewModelMap_selectAllSelection(EventResultDashboardControllerTests.groovy:888)

\

| Running 287 unit tests... 95 of 287

\

| Failure:  testShowAllCommand_BindFromValidRequestArgsIsValid_ValuesNearlyDefaults(de.iteratec.isr.EventResultDashboardControllerTests)

\

|  junit.framework.AssertionFailedError: expected:<Sat Aug 17 22:00:00 UTC 2013> but was:<Sun Aug 18 00:00:00 UTC 2013>

\

\	at junit.framework.Assert.fail(Assert.java:57)

\

\	at junit.framework.Assert.failNotEquals(Assert.java:329)

\

\	at junit.framework.TestCase.failNotEquals(TestCase.java:499)

\

\	at de.iteratec.isr.EventResultDashboardControllerTests.testShowAllCommand_BindFromValidRequestArgsIsValid_ValuesNearlyDefaults(EventResultDashboardControllerTests.groovy:167)

\

| Running 287 unit tests... 96 of 287

\

| Running 287 unit tests... 97 of 287

\

| Running 287 unit tests... 98 of 287

\

| Running 287 unit tests... 99 of 287

\

| Failure:  testShowAllCommand_testCopyRequestDataToViewModelMap(de.iteratec.isr.EventResultDashboardControllerTests)

\

|  junit.framework.ComparisonFailure: expected:<1[8].08.2013> but was:<1[7].08.2013>

\

\	at junit.framework.Assert.assertEquals(Assert.java:100)

\

\	at junit.framework.TestCase.assertEquals(TestCase.java:261)

\

\	at de.iteratec.isr.EventResultDashboardControllerTests.assertContainedAndNotNullAndEquals(EventResultDashboardControllerTests.groovy:1101)

\

\	at de.iteratec.isr.EventResultDashboardControllerTests.testShowAllCommand_testCopyRequestDataToViewModelMap(EventResultDashboardControllerTests.groovy:785)

\

| Running 287 unit tests... 100 of 287

\

| Running 287 unit tests... 101 of 287

\

| Failure:  testShowAllCommand_testCopyRequestDataToViewModelMap_defaultsForMissingValues(de.iteratec.isr.EventResultDashboardControllerTests)

\

|  junit.framework.ComparisonFailure: expected:<1[8].08.2013> but was:<1[7].08.2013>

\

\	at junit.framework.Assert.assertEquals(Assert.java:100)

\

\	at junit.framework.TestCase.assertEquals(TestCase.java:261)

\

\	at de.iteratec.isr.EventResultDashboardControllerTests.assertContainedAndNotNullAndEquals(EventResultDashboardControllerTests.groovy:1101)

\

\	at de.iteratec.isr.EventResultDashboardControllerTests.testShowAllCommand_testCopyRequestDataToViewModelMap_defaultsForMissingValues(EventResultDashboardControllerTests.groovy:835)

\

| Running 287 unit tests... 102 of 287

\

| Running 287 unit tests... 103 of 287

\

| Running 287 unit tests... 104 of 287

\

| Running 287 unit tests... 105 of 287

\

| Running 287 unit tests... 106 of 287

\

| Running 287 unit tests... 107 of 287

\

| Running 287 unit tests... 108 of 287

\

| Running 287 unit tests... 109 of 287

\

| Running 287 unit tests... 110 of 287

\

| Running 287 unit tests... 111 of 287

\

| Running 287 unit tests... 112 of 287

\

| Running 287 unit tests... 113 of 287

\

| Running 287 unit tests... 114 of 287

\

| Running 287 unit tests... 115 of 287

\

| Running 287 unit tests... 116 of 287

\

| Error 2014-06-11 23:17:25,676 [main] ERROR ispc.LocationAndResultPersisterService  - Failed to get or update Location!

\

Message: data/runs missing or no integer in XML result

\

   Line | Method

\

->> 176 | persistNewJobConfig                                      in de.iteratec.ispc.LocationAndResultPersisterService

\

- - - - - - - - - - - - - - - - - - - - - - - - - - - - - - - - - - - - 

\

|   103 | listenToResult                                           in     ''

\

|   664 | listenToResultAndProofCreatedDomains . . . . . . . . . . in de.iteratec.ispc.LocationAndResultPersisterServiceTests

\

|   490 | doCall                                                   in de.iteratec.ispc.LocationAndResultPersisterServiceTests$_testCreationOfDomainsAfterListenToIncomingInvalidResults_closure8

\

|   204 | shouldFail . . . . . . . . . . . . . . . . . . . . . . . in grails.test.mixin.support.GrailsUnitTestMixin

\

|   490 | testCreationOfDomainsAfterListenToIncomingInvalidResults in de.iteratec.ispc.LocationAndResultPersisterServiceTests

\

|    47 | runReflectiveCall . . . . . . . . . . . . . . . . . . .  in org.junit.runners.model.FrameworkMethod$1

\

|    12 | run                                                      in org.junit.internal.runners.model.ReflectiveCallable

\

|    44 | invokeExplosively . . . . . . . . . . . . . . . . . . .  in org.junit.runners.model.FrameworkMethod

\

|    17 | evaluate                                                 in org.junit.internal.runners.statements.InvokeMethod

\

|    26 | evaluate . . . . . . . . . . . . . . . . . . . . . . . . in org.junit.internal.runners.statements.RunBefores

\

|    27 | evaluate                                                 in org.junit.internal.runners.statements.RunAfters

\

|   271 | runLeaf . . . . . . . . . . . . . . . . . . . . . . . .  in org.junit.runners.ParentRunner

\

|    70 | runChild                                                 in org.junit.runners.BlockJUnit4ClassRunner

\

|    50 | runChild . . . . . . . . . . . . . . . . . . . . . . . . in     ''

\

|   238 | run                                                      in org.junit.runners.ParentRunner$3

\

|    63 | schedule . . . . . . . . . . . . . . . . . . . . . . . . in org.junit.runners.ParentRunner$1

\

|   236 | runChildren                                              in org.junit.runners.ParentRunner

\

|    53 | access$000 . . . . . . . . . . . . . . . . . . . . . . . in     ''

\

|   229 | evaluate                                                 in org.junit.runners.ParentRunner$2

\

|    26 | evaluate . . . . . . . . . . . . . . . . . . . . . . . . in org.junit.internal.runners.statements.RunBefores

\

|    27 | evaluate                                                 in org.junit.internal.runners.statements.RunAfters

\

|   309 | run . . . . . . . . . . . . . . . . . . . . . . . . . .  in org.junit.runners.ParentRunner

\

|   127 | runChild                                                 in org.junit.runners.Suite

\

|    26 | runChild . . . . . . . . . . . . . . . . . . . . . . . . in     ''

\

|   238 | run                                                      in org.junit.runners.ParentRunner$3

\

|    63 | schedule . . . . . . . . . . . . . . . . . . . . . . . . in org.junit.runners.ParentRunner$1

\

|   236 | runChildren                                              in org.junit.runners.ParentRunner

\

|    53 | access$000 . . . . . . . . . . . . . . . . . . . . . . . in     ''

\

|   229 | evaluate                                                 in org.junit.runners.ParentRunner$2

\

|   309 | run . . . . . . . . . . . . . . . . . . . . . . . . . .  in org.junit.runners.ParentRunner

\

|   160 | run                                                      in org.junit.runner.JUnitCore

\

^   138 | run . . . . . . . . . . . . . . . . . . . . . . . . . .  in     ''

\

| Running 287 unit tests... 117 of 287

\

| Running 287 unit tests... 118 of 287

\

| Running 287 unit tests... 119 of 287

\

| Running 287 unit tests... 120 of 287

\

| Running 287 unit tests... 121 of 287

\

| Running 287 unit tests... 122 of 287

\

| Running 287 unit tests... 123 of 287

\

| Running 287 unit tests... 124 of 287

\

| Running 287 unit tests... 125 of 287

\

| Running 287 unit tests... 126 of 287

\

| Running 287 unit tests... 127 of 287

\

| Running 287 unit tests... 128 of 287

\

| Running 287 unit tests... 129 of 287

\

| Running 287 unit tests... 130 of 287

\

| Running 287 unit tests... 131 of 287

\

| Running 287 unit tests... 132 of 287

\

| Running 287 unit tests... 133 of 287

\

| Running 287 unit tests... 134 of 287

\

| Running 287 unit tests... 135 of 287

\

| Running 287 unit tests... 136 of 287

\

| Running 287 unit tests... 137 of 287

\

| Running 287 unit tests... 138 of 287

\

| Running 287 unit tests... 139 of 287

\

| Running 287 unit tests... 140 of 287

\

| Running 287 unit tests... 141 of 287

\

| Running 287 unit tests... 142 of 287

\

| Running 287 unit tests... 143 of 287

\

| Running 287 unit tests... 144 of 287

\

| Running 287 unit tests... 145 of 287

\

| Running 287 unit tests... 146 of 287

\

| Running 287 unit tests... 147 of 287

\

| Running 287 unit tests... 148 of 287

\

| Running 287 unit tests... 149 of 287

\

| Running 287 unit tests... 150 of 287

\

| Running 287 unit tests... 151 of 287

\

| Running 287 unit tests... 152 of 287

\

| Running 287 unit tests... 153 of 287

\

| Running 287 unit tests... 154 of 287

\

| Running 287 unit tests... 155 of 287

\

| Running 287 unit tests... 156 of 287

\

| Running 287 unit tests... 157 of 287

\

| Running 287 unit tests... 158 of 287

\

| Running 287 unit tests... 159 of 287

\

| Running 287 unit tests... 160 of 287

\

| Running 287 unit tests... 161 of 287

\

| Running 287 unit tests... 162 of 287

\

| Running 287 unit tests... 163 of 287

\

| Running 287 unit tests... 164 of 287

\

| Running 287 unit tests... 165 of 287

\

| Running 287 unit tests... 166 of 287

\

| Running 287 unit tests... 167 of 287

\

| Running 287 unit tests... 168 of 287

\

| Running 287 unit tests... 169 of 287

\

| Running 287 unit tests... 170 of 287

\

| Running 287 unit tests... 171 of 287

\

| Running 287 unit tests... 172 of 287

\

| Running 287 unit tests... 173 of 287

\

| Running 287 unit tests... 174 of 287

\

| Running 287 unit tests... 175 of 287

\

| Running 287 unit tests... 176 of 287

\

| Running 287 unit tests... 177 of 287

\

| Running 287 unit tests... 178 of 287

\

| Running 287 unit tests... 179 of 287

\

| Running 287 unit tests... 180 of 287

\

| Running 287 unit tests... 181 of 287

\

| Running 287 unit tests... 182 of 287

\

| Running 287 unit tests... 183 of 287

\

| Running 287 unit tests... 184 of 287

\

| Running 287 unit tests... 185 of 287

\

| Running 287 unit tests... 186 of 287

\

| Failure:  testShowAllCommand_BindFromValidRequestArgsIsValid_ValuesDifferingFromDefaults(de.iteratec.isocsi.CsiDashboardControllerTests)

\

|  java.lang.AssertionError: expected:<Sat Aug 17 22:00:00 UTC 2013> but was:<Sun Aug 18 00:00:00 UTC 2013>

\

\	at org.junit.Assert.fail(Assert.java:88)

\

\	at org.junit.Assert.failNotEquals(Assert.java:743)

\

\	at org.junit.Assert.assertEquals(Assert.java:118)

\

\	at org.junit.Assert.assertEquals(Assert.java:144)

\

\	at de.iteratec.isocsi.CsiDashboardControllerTests.testShowAllCommand_BindFromValidRequestArgsIsValid_ValuesDifferingFromDefaults(CsiDashboardControllerTests.groovy:337)

\

| Running 287 unit tests... 187 of 287

\

| Running 287 unit tests... 188 of 287

\

| Failure:  testShowAllCommand_testCopyRequestDataToViewModelMap_selectAllSelection(de.iteratec.isocsi.CsiDashboardControllerTests)

\

|  org.junit.ComparisonFailure: expected:<1[8].08.2013> but was:<1[7].08.2013>

\

\	at org.junit.Assert.assertEquals(Assert.java:115)

\

\	at org.junit.Assert.assertEquals(Assert.java:144)

\

\	at de.iteratec.isocsi.CsiDashboardControllerTests.assertContainedAndNotNullAndEquals(CsiDashboardControllerTests.groovy:1604)

\

\	at de.iteratec.isocsi.CsiDashboardControllerTests.testShowAllCommand_testCopyRequestDataToViewModelMap_selectAllSelection(CsiDashboardControllerTests.groovy:1252)

\

| Running 287 unit tests... 189 of 287

\

| Failure:  testShowAllCommand_BindFromValidRequestArgsIsValid_ValuesNearlyDefaults(de.iteratec.isocsi.CsiDashboardControllerTests)

\

|  java.lang.AssertionError: expected:<Sat Aug 17 22:00:00 UTC 2013> but was:<Sun Aug 18 00:00:00 UTC 2013>

\

\	at org.junit.Assert.fail(Assert.java:88)

\

\	at org.junit.Assert.failNotEquals(Assert.java:743)

\

\	at org.junit.Assert.assertEquals(Assert.java:118)

\

\	at org.junit.Assert.assertEquals(Assert.java:144)

\

\	at de.iteratec.isocsi.CsiDashboardControllerTests.testShowAllCommand_BindFromValidRequestArgsIsValid_ValuesNearlyDefaults(CsiDashboardControllerTests.groovy:159)

\

| Running 287 unit tests... 190 of 287

\

| Running 287 unit tests... 191 of 287

\

| Running 287 unit tests... 192 of 287

\

| Running 287 unit tests... 193 of 287

\

| Running 287 unit tests... 194 of 287

\

| Running 287 unit tests... 195 of 287

\

| Running 287 unit tests... 196 of 287

\

| Failure:  testShowAllCommand_testCopyRequestDataToViewModelMap(de.iteratec.isocsi.CsiDashboardControllerTests)

\

|  org.junit.ComparisonFailure: expected:<1[8].08.2013> but was:<1[7].08.2013>

\

\	at org.junit.Assert.assertEquals(Assert.java:115)

\

\	at org.junit.Assert.assertEquals(Assert.java:144)

\

\	at de.iteratec.isocsi.CsiDashboardControllerTests.assertContainedAndNotNullAndEquals(CsiDashboardControllerTests.groovy:1604)

\

\	at de.iteratec.isocsi.CsiDashboardControllerTests.testShowAllCommand_testCopyRequestDataToViewModelMap(CsiDashboardControllerTests.groovy:1140)

\

| Running 287 unit tests... 197 of 287

\

| Running 287 unit tests... 198 of 287

\

| Failure:  testShowAllCommand_testCopyRequestDataToViewModelMap_defaultsForMissingValues(de.iteratec.isocsi.CsiDashboardControllerTests)

\

|  org.junit.ComparisonFailure: expected:<1[8].08.2013> but was:<1[7].08.2013>

\

\	at org.junit.Assert.assertEquals(Assert.java:115)

\

\	at org.junit.Assert.assertEquals(Assert.java:144)

\

\	at de.iteratec.isocsi.CsiDashboardControllerTests.assertContainedAndNotNullAndEquals(CsiDashboardControllerTests.groovy:1604)

\

\	at de.iteratec.isocsi.CsiDashboardControllerTests.testShowAllCommand_testCopyRequestDataToViewModelMap_defaultsForMissingValues(CsiDashboardControllerTests.groovy:1194)

\

| Running 287 unit tests... 199 of 287

\

| Running 287 unit tests... 200 of 287

\

| Running 287 unit tests... 201 of 287

\

| Running 287 unit tests... 202 of 287

\

| Running 287 unit tests... 203 of 287

\

| Running 287 unit tests... 204 of 287

\

| Running 287 unit tests... 205 of 287

\

| Running 287 unit tests... 206 of 287

\

| Running 287 unit tests... 207 of 287

\

| Running 287 unit tests... 208 of 287

\

| Failure:  testShowAllCommand_BindFromValidRequestArgsIsValid_ValuesDifferingFromDefaults_DAILY_PAGE(de.iteratec.isocsi.CsiDashboardControllerTests)

\

|  java.lang.AssertionError: expected:<Sat Aug 17 22:00:00 UTC 2013> but was:<Sun Aug 18 00:00:00 UTC 2013>

\

\	at org.junit.Assert.fail(Assert.java:88)

\

\	at org.junit.Assert.failNotEquals(Assert.java:743)

\

\	at org.junit.Assert.assertEquals(Assert.java:118)

\

\	at org.junit.Assert.assertEquals(Assert.java:144)

\

\	at de.iteratec.isocsi.CsiDashboardControllerTests.testShowAllCommand_BindFromValidRequestArgsIsValid_ValuesDifferingFromDefaults_DAILY_PAGE(CsiDashboardControllerTests.groovy:424)

\

| Running 287 unit tests... 209 of 287

\

| Failure:  testShowAllCommand_BindFromValidRequestArgsIsValid_ValuesDifferingFromDefaults_DAILY_SHOP(de.iteratec.isocsi.CsiDashboardControllerTests)

\

|  java.lang.AssertionError: expected:<Sat Aug 17 22:00:00 UTC 2013> but was:<Sun Aug 18 00:00:00 UTC 2013>

\

\	at org.junit.Assert.fail(Assert.java:88)

\

\	at org.junit.Assert.failNotEquals(Assert.java:743)

\

\	at org.junit.Assert.assertEquals(Assert.java:118)

\

\	at org.junit.Assert.assertEquals(Assert.java:144)

\

\	at de.iteratec.isocsi.CsiDashboardControllerTests.testShowAllCommand_BindFromValidRequestArgsIsValid_ValuesDifferingFromDefaults_DAILY_SHOP(CsiDashboardControllerTests.groovy:511)

\

| Running 287 unit tests... 210 of 287

\

| Running 287 unit tests... 211 of 287

\

| Running 287 unit tests... 212 of 287

\

| Running 287 unit tests... 213 of 287

\

| Running 287 unit tests... 214 of 287

\

| Running 287 unit tests... 215 of 287

\

| Running 287 unit tests... 216 of 287

\

| Running 287 unit tests... 217 of 287

\

| Running 287 unit tests... 218 of 287

\

| Running 287 unit tests... 219 of 287

\

| Running 287 unit tests... 220 of 287

\

| Running 287 unit tests... 221 of 287

\

| Running 287 unit tests... 222 of 287

\

| Running 287 unit tests... 223 of 287

\

| Running 287 unit tests... 224 of 287

\

| Running 287 unit tests... 225 of 287

\

| Running 287 unit tests... 226 of 287

\

| Running 287 unit tests... 227 of 287

\

| Running 287 unit tests... 228 of 287

\

| Running 287 unit tests... 229 of 287

\

| Running 287 unit tests... 230 of 287

\

| Running 287 unit tests... 231 of 287

\

| Running 287 unit tests... 232 of 287

\

| Running 287 unit tests... 233 of 287

\

| Running 287 unit tests... 234 of 287

\

| Running 287 unit tests... 235 of 287

\

| Running 287 unit tests... 236 of 287

\

| Running 287 unit tests... 237 of 287

\

| Running 287 unit tests... 238 of 287

\

| Running 287 unit tests... 239 of 287

\

| Running 287 unit tests... 240 of 287

\

| Running 287 unit tests... 241 of 287

\

| Running 287 unit tests... 242 of 287

\

| Running 287 unit tests... 243 of 287

\

| Running 287 unit tests... 244 of 287

\

| Running 287 unit tests... 245 of 287

\

| Running 287 unit tests... 246 of 287

\

| Running 287 unit tests... 247 of 287

\

| Running 287 unit tests... 248 of 287

\

| Running 287 unit tests... 249 of 287

\

| Running 287 unit tests... 250 of 287

\

| Running 287 unit tests... 251 of 287

\

| Running 287 unit tests... 252 of 287

\

| Running 287 unit tests... 253 of 287

\

| Running 287 unit tests... 254 of 287

\

| Running 287 unit tests... 255 of 287

\

| Running 287 unit tests... 256 of 287

\

| Failure:  testAddingIntervals(de.iteratec.chart.MeasuredValueUtilServiceTests)

\

|  java.lang.AssertionError: expected:<2> but was:<3>

\

\	at org.junit.Assert.fail(Assert.java:88)

\

\	at org.junit.Assert.failNotEquals(Assert.java:743)

\

\	at org.junit.Assert.assertEquals(Assert.java:118)

\

\	at org.junit.Assert.assertEquals(Assert.java:555)

\

\	at org.junit.Assert.assertEquals(Assert.java:542)

\

\	at de.iteratec.chart.MeasuredValueUtilServiceTests.testAddingIntervals(MeasuredValueUtilServiceTests.groovy:163)

\

| Running 287 unit tests... 257 of 287

\

| Running 287 unit tests... 258 of 287

\

| Error 2014-06-11 23:17:46,258 [main] ERROR chart.MeasuredValue  - EventResult was added to MeasuredValue although it was already in the list! (EventResult-ID=3, MeasuredValue-ID=1)

\

| Error 2014-06-11 23:17:46,259 [main] ERROR chart.MeasuredValue  - EventResults were added to MeasuredValue although some of them were already in the list! (id's which were already in the list=[5, 6, 7], MeasuredValue-ID=1)

\

| Running 287 unit tests... 259 of 287

\

| Running 287 unit tests... 260 of 287

\

| Running 287 unit tests... 261 of 287

\

| Running 287 unit tests... 262 of 287

\

| Running 287 unit tests... 263 of 287

\

| Running 287 unit tests... 264 of 287

\

| Running 287 unit tests... 265 of 287

\

| Running 287 unit tests... 266 of 287

\

| Running 287 unit tests... 267 of 287

\

| Running 287 unit tests... 268 of 287

\

| Running 287 unit tests... 269 of 287

\

| Running 287 unit tests... 270 of 287

\

| Running 287 unit tests... 271 of 287

\

| Running 287 unit tests... 272 of 287

\

| Running 287 unit tests... 273 of 287

\

| Running 287 unit tests... 274 of 287

\

| Running 287 unit tests... 275 of 287

\

| Running 287 unit tests... 276 of 287

\

| Running 287 unit tests... 277 of 287

\

| Running 287 unit tests... 278 of 287

\

| Running 287 unit tests... 279 of 287

\

| Running 287 unit tests... 280 of 287

\

| Running 287 unit tests... 281 of 287

\

| Running 287 unit tests... 282 of 287

\

| Running 287 unit tests... 283 of 287

\

| Completed 283 unit tests, 13 failed in 1m 0s

\

Configuring Spring Security Core ...

\

... finished configuring Spring Security Core

\

| Using LESS files to generating CSS files!

\

| Kickstart found 2 locales usable in the language selector (excluding the default ""locale"" messages.properties).

\

| Error 2014-06-11 23:18:11,211 [main] ERROR dynamiccontroller.DynamicControllerManager  - No destination controller specified in the 'controller' property or 'grails.plugins.dynamicController.mixins' config attribute for SpringControllerMixin, ignoring

\

| Error 2014-06-11 23:18:11,211 [main] ERROR dynamiccontroller.DynamicControllerManager  - No destination controller specified in the 'controller' property or 'grails.plugins.dynamicController.mixins' config attribute for PropertiesControllerMixin, ignoring

\

| Compiling 13 source files

\

| Compiling 13 source files.

\

| Running 25 integration tests...

\

clearDatabase()...

\

clearDatabase()... DONE

\

| Running 25 integration tests... 1 of 25

\

| Running 25 integration tests... 2 of 25

\

| Running 25 integration tests... 3 of 25

\

| Running 25 integration tests... 4 of 25

\

| Running 25 integration tests... 5 of 25

\

| Running 25 integration tests... 6 of 25

\

| Running 25 integration tests... 7 of 25

\

| Running 25 integration tests... 8 of 25

\

| Running 25 integration tests... 9 of 25

\

| Running 25 integration tests... 10 of 25

\

| Running 25 integration tests... 11 of 25

\

| Running 25 integration tests... 12 of 25

\

| Running 25 integration tests... 13 of 25

\

| Running 25 integration tests... 14 of 25

\

| Running 25 integration tests... 15 of 25

\

\

--------------------------------------------------------------------------------

\

  This command didn't output anything for for a while, thus we stopped it.

\

  If the error is on our end please inform us so we can help you to fix this.

\

--------------------------------------------------------------------------------

\

{code}

\



"	"27/Jun/14 5:30 PM;nkuhn;Von Oliver Widder (recovery aus altem jira):



Travis Build-Log: https://magnum.travis-ci.com/owidder/iteraSpeedMonitor/builds/4309440

\

\

{code}

\

Using worker: worker-linux-7-1.bb.travis-ci.com:travis-linux-2

\

Installing an SSH key

\

git.1

\

$ git clone --depth=50 --branch=master git@github.com:owidder/iteraSpeedMonitor.git owidder/iteraSpeedMonitor

\

Cloning into 'owidder/iteraSpeedMonitor'...

\

Warning: Permanently added the RSA host key for IP address '192.30.252.131' to the list of known hosts.

\

remote: Counting objects: 1275, done.

\

remote: Compressing objects: 100% (778/778), done.

\

remote: Total 1275 (delta 446), reused 1089 (delta 389)

\

Receiving objects: 100% (1275/1275), 7.98 MiB | 0 bytes/s, done.

\

Resolving deltas: 100% (446/446), done.

\

Checking connectivity... done.

\

$ cd owidder/iteraSpeedMonitor

\

git.3

\

$ git checkout -qf bbccae98e4af2a4bd0531cefe33f3086647fc77e

\

$ java -version

\

java version ""1.7.0_55""

\

Java(TM) SE Runtime Environment (build 1.7.0_55-b13)

\

Java HotSpot(TM) 64-Bit Server VM (build 24.55-b03, mixed mode)

\

$ javac -version

\

javac 1.7.0_55

\

$ ./grailsw refresh-dependencies && ./grailsw test-app

\

Downloading http://dist.springframework.org.s3.amazonaws.com/release/GRAILS/grails-2.3.7.zip to /home/travis/.grails/wrapper/grails-2.3.7-download.zip

\

.........................................................................................................................................................................................................................................................................................................................................................................................................................................................................................................................................................................................................................................................................................................................................................................................................................................................................................................................................................................................................................................................................................................................................................................................................................................................................................................................................................................................................................................................................................................................................................................................................................................................................................................................................................................................................................................................................................................................................................................................................................................................................................................................................................................................................................................................................................................................................................................................................................................................................................................................................................................................................................................................................................................................................................................................................................................................................................................................................................................................................................................................................................................................................................................................................................................................................................................................................................................................................................................................................................................................................................................................................................................................................................................................................................................................................................................................................................................................................................................................................................................................................................................................................................................................................................................................................................................................................................................................................................................................................................................................................................................................................................................................................................................................................................................................................................................................................................................................................................................................................................................................................................................................................................................................................................................................................................................................................................................................................................................................................................................................................................................................................................................................................................................................................................................................................................................................................................................................................................................................................................................................................................................................................................................................................................................................................................................................................................................................................................................................................................................................................................................................................................................................................................................................................................................................................................................................................................................................................................................................................................................................................................

\

Extracting /home/travis/.grails/wrapper/grails-2.3.7-download.zip to /home/travis/.grails/wrapper/2.3.7

\

| Loading Grails 2.3.7

\

| Configuring classpath

\

| Downloading: ivy-2.7.1.xml

\

| Downloading: grails-bootstrap-2.3.7.pom

\

| Downloading: grails-bootstrap-2.3.7.pom.sha1

\

| Downloading: ivy-1.7.5.xml

\

| Downloading: ivy-1.7.5.xml

\

| Downloading: ivy-1.8.4.xml

\

| Downloading: ivy-1.8.4.xml

\

| Downloading: ivy-2.11.xml

\

| Downloading: ivy-1.7.1.xml

\

| Downloading: ivy-4.0.0.xml

\

| Downloading: ivy-1.8.4.xml

\

| Downloading: ivy-1.9.6.xml

\

| Downloading: ivy-2.3.0.xml

\

| Downloading: ivy-1.11.xml

\

| Downloading: grails-scripts-2.3.7.pom

\

| Downloading: grails-scripts-2.3.7.pom.sha1

\

| Downloading: ivy-0.7-groovy-2.0.xml

\

| Downloading: ivy-1.3.xml

\

| Downloading: ivy-4.11.xml

\

| Downloading: super-csv-2.1.0.pom

\

| Downloading: super-csv-2.1.0.pom.sha1

\

| Downloading: super-csv-parent-2.1.0.pom

\

| Downloading: super-csv-parent-2.1.0.pom.sha1

\

| Downloading: oss-parent-7.pom

\

| Downloading: oss-parent-7.pom.sha1

\

| Downloading: tomcat-7.0.52.1.pom

\

| Downloading: tomcat-embed-core-7.0.52.pom

\

| Downloading: tomcat-embed-core-7.0.52.pom.sha1

\

| Downloading: tomcat-catalina-ant-7.0.52.pom

\

| Downloading: tomcat-catalina-ant-7.0.52.pom.sha1

\

| Downloading: tomcat-embed-jasper-7.0.52.pom

\

| Downloading: tomcat-embed-jasper-7.0.52.pom.sha1

\

| Downloading: tomcat-embed-el-7.0.52.pom

\

| Downloading: tomcat-embed-el-7.0.52.pom.sha1

\

| Downloading: tomcat-embed-logging-log4j-7.0.52.pom

\

| Downloading: tomcat-embed-logging-log4j-7.0.52.pom.sha1

\

| Downloading: tomcat-embed-websocket-7.0.52.pom

\

| Downloading: tomcat-embed-websocket-7.0.52.pom.sha1

\

| Downloading: ecj-3.7.2.pom

\

| Downloading: ecj-3.7.2.pom.sha1

\

| Downloading: resources-1.2.7.pom

\

| Downloading: release-3.0.1.pom

\

| Downloading: release-3.0.1.pom.sha1

\

| Downloading: maven-ant-tasks-2.1.3.pom

\

| Downloading: maven-ant-tasks-2.1.3.pom.sha1

\

| Downloading: maven-parent-19.pom

\

| Downloading: maven-parent-19.pom.sha1

\

| Downloading: apache-9.pom

\

| Downloading: apache-9.pom.sha1

\

| Downloading: classworlds-1.1-alpha-2.pom

\

| Downloading: classworlds-1.1-alpha-2.pom.sha1

\

| Downloading: plexus-container-default-1.0-alpha-9-stable-1.pom

\

| Downloading: plexus-container-default-1.0-alpha-9-stable-1.pom.sha1

\

| Downloading: plexus-containers-1.0.3.pom

\

| Downloading: plexus-containers-1.0.3.pom.sha1

\

| Downloading: plexus-1.0.4.pom

\

| Downloading: plexus-1.0.4.pom.sha1

\

| Downloading: plexus-utils-1.5.15.pom

\

| Downloading: plexus-utils-1.5.15.pom.sha1

\

| Downloading: plexus-2.0.2.pom

\

| Downloading: plexus-2.0.2.pom.sha1

\

| Downloading: plexus-interpolation-1.11.pom

\

| Downloading: plexus-interpolation-1.11.pom.sha1

\

| Downloading: plexus-components-1.1.14.pom

\

| Downloading: plexus-components-1.1.14.pom.sha1

\

| Downloading: maven-artifact-2.2.1.pom

\

| Downloading: maven-artifact-2.2.1.pom.sha1

\

| Downloading: maven-2.2.1.pom

\

| Downloading: maven-2.2.1.pom.sha1

\

| Downloading: maven-parent-11.pom

\

| Downloading: maven-parent-11.pom.sha1

\

| Downloading: apache-5.pom

\

| Downloading: apache-5.pom.sha1

\

| Downloading: maven-artifact-manager-2.2.1.pom

\

| Downloading: maven-artifact-manager-2.2.1.pom.sha1

\

| Downloading: maven-repository-metadata-2.2.1.pom

\

| Downloading: maven-repository-metadata-2.2.1.pom.sha1

\

| Downloading: wagon-provider-api-1.0-beta-6.pom

\

| Downloading: wagon-provider-api-1.0-beta-6.pom.sha1

\

| Downloading: wagon-1.0-beta-6.pom

\

| Downloading: wagon-1.0-beta-6.pom.sha1

\

| Downloading: backport-util-concurrent-3.1.pom

\

| Downloading: backport-util-concurrent-3.1.pom.sha1

\

| Downloading: maven-model-2.2.1.pom

\

| Downloading: maven-model-2.2.1.pom.sha1

\

| Downloading: maven-project-2.2.1.pom

\

| Downloading: maven-project-2.2.1.pom.sha1

\

| Downloading: maven-settings-2.2.1.pom

\

| Downloading: maven-settings-2.2.1.pom.sha1

\

| Downloading: maven-profile-2.2.1.pom

\

| Downloading: maven-profile-2.2.1.pom.sha1

\

| Downloading: maven-plugin-registry-2.2.1.pom

\

| Downloading: maven-plugin-registry-2.2.1.pom.sha1

\

| Downloading: maven-error-diagnostics-2.2.1.pom

\

| Downloading: maven-error-diagnostics-2.2.1.pom.sha1

\

| Downloading: wagon-file-1.0-beta-6.pom

\

| Downloading: wagon-file-1.0-beta-6.pom.sha1

\

| Downloading: wagon-providers-1.0-beta-6.pom

\

| Downloading: wagon-providers-1.0-beta-6.pom.sha1

\

| Downloading: wagon-http-lightweight-1.0-beta-6.pom

\

| Downloading: wagon-http-lightweight-1.0-beta-6.pom.sha1

\

| Downloading: wagon-http-shared-1.0-beta-6.pom

\

| Downloading: wagon-http-shared-1.0-beta-6.pom.sha1

\

| Downloading: xercesMinimal-1.9.6.2.pom

\

| Downloading: xercesMinimal-1.9.6.2.pom.sha1

\

| Downloading: nekohtml-1.9.6.2.pom

\

| Downloading: nekohtml-1.9.6.2.pom.sha1

\

| Downloading: rest-client-builder-1.0.3.pom

\

| Downloading: rest-client-builder-1.0.3.pom.sha1

\

| Downloading: kickstart-with-bootstrap-0.9.6.pom

\

| Downloading: kickstart-with-bootstrap-0.9.6.pom.sha1

\

| Downloading: lesscss-resources-1.3.1.pom

\

| Downloading: lesscss-resources-1.3.1.pom.sha1

\

| Downloading: font-awesome-resources-3.0.pom

\

| Downloading: font-awesome-resources-3.0.pom.sha1

\

| Downloading: lesscss-1.3.3.pom

\

| Downloading: lesscss-1.3.3.pom.sha1

\

| Downloading: commons-io-2.4.pom

\

| Downloading: commons-io-2.4.pom.sha1

\

| Downloading: commons-parent-25.pom

\

| Downloading: commons-parent-25.pom.sha1

\

| Downloading: commons-logging-1.1.1.pom

\

| Downloading: commons-logging-1.1.1.pom.sha1

\

| Downloading: commons-parent-5.pom

\

| Downloading: commons-parent-5.pom.sha1

\

| Downloading: apache-4.pom

\

| Downloading: apache-4.pom.sha1

\

| Downloading: commons-lang3-3.1.pom

\

| Downloading: commons-lang3-3.1.pom.sha1

\

| Downloading: commons-parent-22.pom

\

| Downloading: commons-parent-22.pom.sha1

\

| Downloading: rhino-1.7R4.pom

\

| Downloading: rhino-1.7R4.pom.sha1

\

| Downloading: jquery-1.8.3.pom

\

| Downloading: jquery-1.8.3.pom.sha1

\

| Downloading: serializer-2.7.1.jar

\

| Downloading: grails-bootstrap-2.3.7.jar

\

| Downloading: grails-bootstrap-2.3.7.jar.sha1

\

| Downloading: grails-scripts-2.3.7.jar

\

| Downloading: grails-scripts-2.3.7.jar.sha1

\

| Downloading: super-csv-2.1.0.jar

\

| Downloading: super-csv-2.1.0.jar.sha1

\

| Downloading: tomcat-7.0.52.1.zip

\

| Downloading: resources-1.2.7.zip

\

| Downloading: grails-release-3.0.1.zip

\

| Downloading: grails-release-3.0.1.zip.sha1

\

| Downloading: grails-kickstart-with-bootstrap-0.9.6.zip

\

| Downloading: grails-kickstart-with-bootstrap-0.9.6.zip.sha1

\

| Downloading: jcl-over-slf4j-1.7.5.jar

\

| Downloading: slf4j-api-1.7.5.jar

\

| Downloading: ant-1.8.4.jar

\

| Downloading: jline-2.11.jar

\

| Downloading: ant-launcher-1.8.4.jar

\

| Downloading: ant-trax-1.7.1.jar

\

| Downloading: jna-4.0.0.jar

\

| Downloading: ant-junit-1.8.4.jar

\

| Downloading: gant_groovy1.8-1.9.6.jar

\

| Downloading: ivy-2.3.0.jar

\

| Downloading: jansi-1.11.jar

\

| Downloading: spock-core-0.7-groovy-2.0.jar

\

| Downloading: junit-4.11.jar

\

| Downloading: hamcrest-core-1.3.jar

\

| Downloading: tomcat-embed-core-7.0.52.jar

\

| Downloading: tomcat-embed-core-7.0.52.jar.sha1

\

| Downloading: tomcat-catalina-ant-7.0.52.jar

\

| Downloading: tomcat-catalina-ant-7.0.52.jar.sha1

\

| Downloading: tomcat-embed-jasper-7.0.52.jar

\

| Downloading: tomcat-embed-jasper-7.0.52.jar.sha1

\

| Downloading: tomcat-embed-logging-log4j-7.0.52.jar

\

| Downloading: tomcat-embed-logging-log4j-7.0.52.jar.sha1

\

| Downloading: tomcat-embed-websocket-7.0.52.jar

\

| Downloading: tomcat-embed-websocket-7.0.52.jar.sha1

\

| Downloading: ecj-3.7.2.jar

\

| Downloading: ecj-3.7.2.jar.sha1

\

| Downloading: tomcat-embed-el-7.0.52.jar

\

| Downloading: tomcat-embed-el-7.0.52.jar.sha1

\

| Downloading: maven-ant-tasks-2.1.3.jar

\

| Downloading: maven-ant-tasks-2.1.3.jar.sha1

\

| Downloading: grails-rest-client-builder-1.0.3.zip

\

| Downloading: grails-rest-client-builder-1.0.3.zip.sha1

\

| Downloading: classworlds-1.1-alpha-2.jar

\

| Downloading: classworlds-1.1-alpha-2.jar.sha1

\

| Downloading: plexus-container-default-1.0-alpha-9-stable-1.jar

\

| Downloading: plexus-container-default-1.0-alpha-9-stable-1.jar.sha1

\

| Downloading: plexus-utils-1.5.15.jar

\

| Downloading: plexus-utils-1.5.15.jar.sha1

\

| Downloading: plexus-interpolation-1.11.jar

\

| Downloading: plexus-interpolation-1.11.jar.sha1

\

| Downloading: maven-artifact-2.2.1.jar

\

| Downloading: maven-artifact-2.2.1.jar.sha1

\

| Downloading: maven-artifact-manager-2.2.1.jar

\

| Downloading: maven-artifact-manager-2.2.1.jar.sha1

\

| Downloading: maven-model-2.2.1.jar

\

| Downloading: maven-model-2.2.1.jar.sha1

\

| Downloading: maven-project-2.2.1.jar

\

| Downloading: maven-project-2.2.1.jar.sha1

\

| Downloading: maven-error-diagnostics-2.2.1.jar

\

| Downloading: maven-error-diagnostics-2.2.1.jar.sha1

\

| Downloading: maven-settings-2.2.1.jar

\

| Downloading: maven-settings-2.2.1.jar.sha1

\

| Downloading: wagon-file-1.0-beta-6.jar

\

| Downloading: wagon-file-1.0-beta-6.jar.sha1

\

| Downloading: wagon-http-lightweight-1.0-beta-6.jar

\

| Downloading: wagon-http-lightweight-1.0-beta-6.jar.sha1

\

| Downloading: wagon-provider-api-1.0-beta-6.jar

\

| Downloading: wagon-provider-api-1.0-beta-6.jar.sha1

\

| Downloading: maven-repository-metadata-2.2.1.jar

\

| Downloading: maven-repository-metadata-2.2.1.jar.sha1

\

| Downloading: backport-util-concurrent-3.1.jar

\

| Downloading: backport-util-concurrent-3.1.jar.sha1

\

| Downloading: maven-profile-2.2.1.jar

\

| Downloading: maven-profile-2.2.1.jar.sha1

\

| Downloading: maven-plugin-registry-2.2.1.jar

\

| Downloading: maven-plugin-registry-2.2.1.jar.sha1

\

| Downloading: wagon-http-shared-1.0-beta-6.jar

\

| Downloading: wagon-http-shared-1.0-beta-6.jar.sha1

\

| Downloading: xercesMinimal-1.9.6.2.jar

\

| Downloading: xercesMinimal-1.9.6.2.jar.sha1

\

| Downloading: nekohtml-1.9.6.2.jar

\

| Downloading: nekohtml-1.9.6.2.jar.sha1

\

| Downloading: grails-lesscss-resources-1.3.1.zip

\

| Downloading: grails-lesscss-resources-1.3.1.zip.sha1

\

| Downloading: grails-font-awesome-resources-3.0.zip

\

| Downloading: grails-font-awesome-resources-3.0.zip.sha1

\

| Downloading: lesscss-1.3.3.jar

\

| Downloading: lesscss-1.3.3.jar.sha1

\

| Downloading: grails-jquery-1.8.3.zip

\

| Downloading: grails-jquery-1.8.3.zip.sha1

\

| Downloading: commons-io-2.4.jar

\

| Downloading: commons-io-2.4.jar.sha1

\

| Downloading: commons-logging-1.1.1.jar

\

| Downloading: commons-logging-1.1.1.jar.sha1

\

| Downloading: commons-lang3-3.1.jar

\

| Downloading: commons-lang3-3.1.jar.sha1

\

| Downloading: rhino-1.7R4.jar

\

| Downloading: rhino-1.7R4.jar.sha1

\

| Downloading: ivy-3.0.1.xml

\

| Downloading: javax.servlet-api-3.0.1.jar

\

| Downloading: ivy-2.1.9.xml

\

| Downloading: grails-plugin-rest-2.3.7.pom

\

| Downloading: grails-plugin-rest-2.3.7.pom.sha1

\

| Downloading: grails-plugin-controllers-2.3.7.pom

\

| Downloading: grails-plugin-controllers-2.3.7.pom.sha1

\

| Downloading: grails-core-2.3.7.pom

\

| Downloading: grails-core-2.3.7.pom.sha1

\

| Downloading: ivy-3.2.8.RELEASE.xml

\

| Downloading: ivy-3.2.8.RELEASE.xml

\

| Downloading: ivy-3.2.8.RELEASE.xml

\

| Downloading: ivy-1.3.1.xml

\

| Downloading: ivy-3.2.8.RELEASE.xml

\

| Downloading: ivy-3.2.8.RELEASE.xml

\

| Downloading: ivy-1.0.xml

\

| Downloading: ivy-3.2.8.RELEASE.xml

\

| Downloading: ivy-3.2.8.RELEASE.xml

\

| Downloading: ivy-1.0.0.Final.xml

\

| Downloading: ivy-1.3.1.xml

\

| Downloading: grails-spring-2.3.7.pom

\

| Downloading: grails-spring-2.3.7.pom.sha1

\

| Downloading: grails-async-2.3.7.pom

\

| Downloading: grails-async-2.3.7.pom.sha1

\

| Downloading: ivy-1.1.0.xml

\

| Downloading: ivy-0.7.0.xml

\

| Downloading: ivy-1.7.0.xml

\

| Downloading: grails-plugin-domain-class-2.3.7.pom

\

| Downloading: grails-plugin-domain-class-2.3.7.pom.sha1

\

| Downloading: ivy-3.0.2.RELEASE.xml

\

| Downloading: ivy-3.0.2.RELEASE.xml

\

| Downloading: ivy-1.1.xml

\

| Downloading: ivy-3.0.2.RELEASE.xml

\

| Downloading: grails-plugin-converters-2.3.7.pom

\

| Downloading: grails-plugin-converters-2.3.7.pom.sha1

\

| Downloading: ivy-2.2.xml

\

| Downloading: grails-web-2.3.7.pom

\

| Downloading: grails-web-2.3.7.pom.sha1

\

| Downloading: ivy-3.2.1.xml

\

| Downloading: ivy-3.2.8.RELEASE.xml

\

| Downloading: grails-databinding-2.3.7.pom

\

| Downloading: grails-databinding-2.3.7.pom.sha1

\

| Downloading: ivy-2.6.xml

\

| Downloading: ivy-1.3.1.xml

\

| Downloading: ivy-2.4.xml

\

| Downloading: ivy-3.2.8.RELEASE.xml

\

| Downloading: ivy-1.1.4c.xml

\

| Downloading: ivy-1.0.xml

\

| Downloading: ivy-1.8.3.xml

\

| Downloading: ivy-1.4.xml

\

| Downloading: ivy-2.2.4.xml

\

| Downloading: ivy-2.0.8.xml

\

| Downloading: ivy-1.7.4.xml

\

| Downloading: ivy-3.3.1.xml

\

| Downloading: ivy-2.2.2.xml

\

| Downloading: ivy-1.1.2.xml

\

| Downloading: ivy-1.7.4.xml

\

| Downloading: ivy-3.2.8.RELEASE.xml

\

| Downloading: ivy-1.1.2.xml

\

| Downloading: grails-plugin-mimetypes-2.3.7.pom

\

| Downloading: grails-plugin-mimetypes-2.3.7.pom.sha1

\

| Downloading: grails-plugin-validation-2.3.7.pom

\

| Downloading: grails-plugin-validation-2.3.7.pom.sha1

\

| Downloading: grails-plugin-datasource-2.3.7.pom

\

| Downloading: grails-plugin-datasource-2.3.7.pom.sha1

\

| Downloading: ivy-7.0.50.xml

\

| Downloading: ivy-7.0.50.xml

\

| Downloading: ivy-3.2.8.RELEASE.xml

\

| Downloading: ivy-7.0.50.xml

\

| Downloading: grails-plugin-databinding-2.3.7.pom

\

| Downloading: grails-plugin-databinding-2.3.7.pom.sha1

\

| Downloading: grails-plugin-i18n-2.3.7.pom

\

| Downloading: grails-plugin-i18n-2.3.7.pom.sha1

\

| Downloading: grails-plugin-filters-2.3.7.pom

\

| Downloading: grails-plugin-filters-2.3.7.pom.sha1

\

| Downloading: grails-plugin-gsp-2.3.7.pom

\

| Downloading: grails-plugin-gsp-2.3.7.pom.sha1

\

| Downloading: grails-logging-2.3.7.pom

\

| Downloading: grails-logging-2.3.7.pom.sha1

\

| Downloading: grails-plugin-codecs-2.3.7.pom

\

| Downloading: grails-plugin-codecs-2.3.7.pom.sha1

\

| Downloading: ivy-1.6.xml

\

| Downloading: grails-plugin-log4j-2.3.7.pom

\

| Downloading: grails-plugin-log4j-2.3.7.pom.sha1

\

| Downloading: ivy-1.2.17.xml

\

| Downloading: ivy-1.7.5.xml

\

| Downloading: grails-plugin-services-2.3.7.pom

\

| Downloading: grails-plugin-services-2.3.7.pom.sha1

\

| Downloading: grails-plugin-servlets-2.3.7.pom

\

| Downloading: grails-plugin-servlets-2.3.7.pom.sha1

\

| Downloading: grails-plugin-url-mappings-2.3.7.pom

\

| Downloading: grails-plugin-url-mappings-2.3.7.pom.sha1

\

| Downloading: mockito-all-1.9.5.pom

\

| Downloading: mockito-all-1.9.5.pom.sha1

\

| Downloading: jquery-ui-1.8.24.pom

\

| Downloading: jquery-ui-1.8.24.pom.sha1

\

| Downloading: joda-time-1.4.pom

\

| Downloading: joda-time-1.4.pom.sha1

\

| Downloading: scaffolding-2.0.2.pom

\

| Downloading: cache-1.1.1.pom

\

| Downloading: webxml-1.4.1.pom

\

| Downloading: spring-security-core-1.2.7.3.pom

\

| Downloading: spring-security-core-1.2.7.3.pom.sha1

\

| Downloading: spring-security-core-3.0.7.RELEASE.pom

\

| Downloading: spring-security-core-3.0.7.RELEASE.pom.sha1

\

| Downloading: spring-security-parent-3.0.7.RELEASE.pom

\

| Downloading: spring-security-parent-3.0.7.RELEASE.pom.sha1

\

| Downloading: spring-security-web-3.0.7.RELEASE.pom

\

| Downloading: spring-security-web-3.0.7.RELEASE.pom.sha1

\

| Downloading: quartz-1.0.1.pom

\

| Downloading: quartz-1.0.1.pom.sha1

\

| Downloading: quartz-2.2.1.pom

\

| Downloading: quartz-2.2.1.pom.sha1

\

| Downloading: quartz-parent-2.2.1.pom

\

| Downloading: quartz-parent-2.2.1.pom.sha1

\

| Downloading: c3p0-0.9.1.1.pom

\

| Downloading: c3p0-0.9.1.1.pom.sha1

\

| Downloading: rest-0.8.pom

\

| Downloading: rest-0.8.pom.sha1

\

| Downloading: http-builder-0.6.pom

\

| Downloading: http-builder-0.6.pom.sha1

\

| Downloading: httpclient-4.2.1.pom

\

| Downloading: httpclient-4.2.1.pom.sha1

\

| Downloading: httpcomponents-client-4.2.1.pom

\

| Downloading: httpcomponents-client-4.2.1.pom.sha1

\

| Downloading: project-6.pom

\

| Downloading: project-6.pom.sha1

\

| Downloading: httpcore-4.2.1.pom

\

| Downloading: httpcore-4.2.1.pom.sha1

\

| Downloading: httpcomponents-core-4.2.1.pom

\

| Downloading: httpcomponents-core-4.2.1.pom.sha1

\

| Downloading: json-lib-2.3.pom

\

| Downloading: json-lib-2.3.pom.sha1

\

| Downloading: ezmorph-1.0.6.pom

\

| Downloading: ezmorph-1.0.6.pom.sha1

\

| Downloading: nekohtml-1.9.16.pom

\

| Downloading: nekohtml-1.9.16.pom.sha1

\

| Downloading: xercesImpl-2.9.1.pom

\

| Downloading: xercesImpl-2.9.1.pom.sha1

\

| Downloading: xml-resolver-1.2.pom

\

| Downloading: xml-resolver-1.2.pom.sha1

\

| Downloading: apache-3.pom

\

| Downloading: apache-3.pom.sha1

\

| Downloading: jmx-0.9.pom

\

| Downloading: jmx-0.9.pom.sha1

\

| Downloading: cache-headers-1.1.6.pom

\

| Downloading: cache-headers-1.1.6.pom.sha1

\

| Downloading: lesscss-1.3.1.pom

\

| Downloading: lesscss-1.3.1.pom.sha1

\

| Downloading: grails-melody-1.50.0.pom

\

| Downloading: grails-melody-1.50.0.pom.sha1

\

| Downloading: jrobin-1.5.9.pom

\

| Downloading: jrobin-1.5.9.pom.sha1

\

| Downloading: javamelody-core-1.50.0.pom

\

| Downloading: javamelody-core-1.50.0.pom.sha1

\

| Downloading: itext-2.1.7.pom

\

| Downloading: itext-2.1.7.pom.sha1

\

| Downloading: app-info-1.1.1.pom

\

| Downloading: app-info-1.1.1.pom.sha1

\

| Downloading: google-visualization-0.6.2.pom

\

| Downloading: google-visualization-0.6.2.pom.sha1

\

| Downloading: dynamic-controller-0.5.1.pom

\

| Downloading: dynamic-controller-0.5.1.pom.sha1

\

| Downloading: ivy-1.3.173.xml

\

| Downloading: grails-resources-2.3.7.pom

\

| Downloading: grails-resources-2.3.7.pom.sha1

\

| Downloading: mysql-connector-java-5.1.26.pom

\

| Downloading: mysql-connector-java-5.1.26.pom.sha1

\

| Downloading: hibernate-3.6.10.10.pom

\

| Downloading: hibernate-3.6.10.10.pom.sha1

\

| Downloading: grails-datastore-gorm-hibernate-3.0.2.RELEASE.pom

\

| Downloading: grails-datastore-gorm-hibernate-3.0.2.RELEASE.pom.sha1

\

| Downloading: grails-datastore-gorm-hibernate-core-3.0.2.RELEASE.pom

\

| Downloading: grails-datastore-gorm-hibernate-core-3.0.2.RELEASE.pom.sha1

\

| Downloading: ivy-3.17.1-GA.xml

\

| Downloading: grails-datastore-gorm-plugin-support-3.0.2.RELEASE.pom

\

| Downloading: grails-datastore-gorm-plugin-support-3.0.2.RELEASE.pom.sha1

\

| Downloading: dom4j-1.6.1.pom

\

| Downloading: dom4j-1.6.1.pom.sha1

\

| Downloading: hibernate-core-3.6.10.Final.pom

\

| Downloading: hibernate-core-3.6.10.Final.pom.sha1

\

| Downloading: hibernate-parent-3.6.10.Final.pom

\

| Downloading: hibernate-parent-3.6.10.Final.pom.sha1

\

| Downloading: hibernate-commons-annotations-3.2.0.Final.pom

\

| Downloading: hibernate-commons-annotations-3.2.0.Final.pom.sha1

\

| Downloading: hibernate-jpa-2.0-api-1.0.1.Final.pom

\

| Downloading: hibernate-jpa-2.0-api-1.0.1.Final.pom.sha1

\

| Downloading: spring-orm-3.2.8.RELEASE.pom

\

| Downloading: spring-orm-3.2.8.RELEASE.pom.sha1

\

| Downloading: antlr-2.7.7.pom

\

| Downloading: antlr-2.7.7.pom.sha1

\

| Downloading: validation-api-1.0.0.GA.pom

\

| Downloading: validation-api-1.0.0.GA.pom.sha1

\

| Downloading: hibernate-validator-4.1.0.Final.pom

\

| Downloading: hibernate-validator-4.1.0.Final.pom.sha1

\

| Downloading: hibernate-validator-parent-4.1.0.Final.pom

\

| Downloading: hibernate-validator-parent-4.1.0.Final.pom.sha1

\

| Downloading: hibernate-entitymanager-3.6.10.Final.pom

\

| Downloading: hibernate-entitymanager-3.6.10.Final.pom.sha1

\

| Downloading: hibernate-ehcache-3.6.10.Final.pom

\

| Downloading: hibernate-ehcache-3.6.10.Final.pom.sha1

\

| Downloading: ehcache-core-2.4.8.pom

\

| Downloading: ehcache-core-2.4.8.pom.sha1

\

| Downloading: ehcache-parent-2.3.pom

\

| Downloading: ehcache-parent-2.3.pom.sha1

\

| Downloading: database-migration-1.3.8.pom

\

| Downloading: liquibase-core-2.0.5.pom

\

| Downloading: liquibase-core-2.0.5.pom.sha1

\

| Downloading: liquibase-parent-2.0.5.pom

\

| Downloading: liquibase-parent-2.0.5.pom.sha1

\

| Downloading: grails-plugin-testing-2.3.7.pom

\

| Downloading: grails-plugin-testing-2.3.7.pom.sha1

\

| Downloading: ivy-3.2.8.RELEASE.xml

\

| Downloading: junit-dep-4.10.pom

\

| Downloading: junit-dep-4.10.pom.sha1

\

| Downloading: grails-test-2.3.7.pom

\

| Downloading: grails-test-2.3.7.pom.sha1

\

| Downloading: hamcrest-all-1.3.pom

\

| Downloading: hamcrest-all-1.3.pom.sha1

\

| Downloading: hamcrest-parent-1.3.pom

\

| Downloading: hamcrest-parent-1.3.pom.sha1

\

| Downloading: betamax-1.1.2.pom

\

| Downloading: betamax-1.1.2.pom.sha1

\

| Downloading: snakeyaml-1.10.pom

\

| Downloading: snakeyaml-1.10.pom.sha1

\

| Downloading: jetty-server-7.3.1.v20110307.pom

\

| Downloading: jetty-server-7.3.1.v20110307.pom.sha1

\

| Downloading: jetty-project-7.3.1.v20110307.pom

\

| Downloading: jetty-project-7.3.1.v20110307.pom.sha1

\

| Downloading: jetty-parent-16.pom

\

| Downloading: jetty-parent-16.pom.sha1

\

| Downloading: servlet-api-2.5.pom

\

| Downloading: servlet-api-2.5.pom.sha1

\

| Downloading: jetty-continuation-7.3.1.v20110307.pom

\

| Downloading: jetty-continuation-7.3.1.v20110307.pom.sha1

\

| Downloading: jetty-http-7.3.1.v20110307.pom

\

| Downloading: jetty-http-7.3.1.v20110307.pom.sha1

\

| Downloading: jetty-io-7.3.1.v20110307.pom

\

| Downloading: jetty-io-7.3.1.v20110307.pom.sha1

\

| Downloading: jetty-util-7.3.1.v20110307.pom

\

| Downloading: jetty-util-7.3.1.v20110307.pom.sha1

\

| Downloading: groovy-all-2.1.9.jar

\

| Downloading: grails-plugin-rest-2.3.7.jar

\

| Downloading: grails-plugin-rest-2.3.7.jar.sha1

\

| Downloading: grails-plugin-databinding-2.3.7.jar

\

| Downloading: grails-plugin-databinding-2.3.7.jar.sha1

\

| Downloading: grails-plugin-i18n-2.3.7.jar

\

| Downloading: grails-plugin-i18n-2.3.7.jar.sha1

\

| Downloading: grails-plugin-filters-2.3.7.jar

\

| Downloading: grails-plugin-filters-2.3.7.jar.sha1

\

| Downloading: grails-plugin-gsp-2.3.7.jar

\

| Downloading: grails-plugin-gsp-2.3.7.jar.sha1

\

| Downloading: grails-plugin-log4j-2.3.7.jar

\

| Downloading: grails-plugin-log4j-2.3.7.jar.sha1

\

| Downloading: grails-plugin-services-2.3.7.jar

\

| Downloading: grails-plugin-services-2.3.7.jar.sha1

\

| Downloading: grails-plugin-servlets-2.3.7.jar

\

| Downloading: grails-plugin-servlets-2.3.7.jar.sha1

\

| Downloading: grails-plugin-url-mappings-2.3.7.jar

\

| Downloading: grails-plugin-url-mappings-2.3.7.jar.sha1

\

| Downloading: mockito-all-1.9.5.jar

\

| Downloading: mockito-all-1.9.5.jar.sha1

\

| Downloading: jsonbeans-0.5.jar

\

| Downloading: grails-jquery-ui-1.8.24.zip

\

| Downloading: grails-jquery-ui-1.8.24.zip.sha1

\

| Downloading: grails-joda-time-1.4.zip

\

| Downloading: grails-joda-time-1.4.zip.sha1

\

| Downloading: scaffolding-2.0.2.zip

\

| Downloading: cache-1.1.1.zip

\

| Downloading: grails-spring-security-core-1.2.7.3.zip

\

| Downloading: grails-spring-security-core-1.2.7.3.zip.sha1

\

| Downloading: grails-quartz-1.0.1.zip

\

| Downloading: grails-quartz-1.0.1.zip.sha1

\

| Downloading: grails-rest-0.8.zip

\

| Downloading: grails-rest-0.8.zip.sha1

\

| Downloading: grails-jmx-0.9.zip

\

| Downloading: grails-jmx-0.9.zip.sha1

\

| Downloading: grails-cache-headers-1.1.6.zip

\

| Downloading: grails-cache-headers-1.1.6.zip.sha1

\

| Downloading: grails-grails-melody-1.50.0.zip

\

| Downloading: grails-grails-melody-1.50.0.zip.sha1

\

| Downloading: grails-app-info-1.1.1.zip

\

| Downloading: grails-app-info-1.1.1.zip.sha1

\

| Downloading: grails-plugin-controllers-2.3.7.jar

\

| Downloading: grails-plugin-controllers-2.3.7.jar.sha1

\

| Downloading: grails-web-2.3.7.jar

\

| Downloading: grails-web-2.3.7.jar.sha1

\

| Downloading: gso"	"30/Jun/14 9:14 AM;nkuhn;Jira-recovery:



Atlassian Cloud ansehen"	"30/Oct/14 6:00 PM;nku;Habe bereits einen *Github Account* angelegt:

UserName=wpt@iteratec.de

Password steht in der Testcenter-keepass-Datei (Pfad: OTTO_KPO->osm_development->github account osm)

Hier ist bereits das leere *repo* angelegt:

https://github.com/IteraSpeed/OpenSpeedMonitor"																																															
